<?xml version="1.0" encoding="UTF-8"?>
<testsuite xmlns:xsi="http://www.w3.org/2001/XMLSchema-instance" xsi:noNamespaceSchemaLocation="https://maven.apache.org/surefire/maven-surefire-plugin/xsd/surefire-test-report-3.0.xsd" version="3.0" name="CitaMedicaTest" time="0.088" tests="8" errors="6" skipped="0" failures="1">
  <properties>
[...]
</properties>
  <testcase name="testGetPaciente" classname="CitaMedicaTest" time="0.031">
    <error message="Cannot invoke &quot;CitaMedica.getPaciente()&quot; because &quot;instance&quot; is null" type="java.lang.NullPointerException"><![CDATA[java.lang.NullPointerException: Cannot invoke "CitaMedica.getPaciente()" because "instance" is null
	at CitaMedicaTest.testGetPaciente(CitaMedicaTest.java:74)
	at java.base/java.lang.reflect.Method.invoke(Method.java:580)
	at java.base/java.util.ArrayList.forEach(ArrayList.java:1596)
	at java.base/java.util.ArrayList.forEach(ArrayList.java:1596)
]]></error>
    <system-out><![CDATA[getPaciente
]]></system-out>
  </testcase>
  <testcase name="testSetEstado_CM2_nullAllowed" classname="CitaMedicaTest" time="0.006"/>
  <testcase name="testToString" classname="CitaMedicaTest" time="0.001">
    <error message="Cannot invoke &quot;CitaMedica.toString()&quot; because &quot;instance&quot; is null" type="java.lang.NullPointerException"><![CDATA[java.lang.NullPointerException: Cannot invoke "CitaMedica.toString()" because "instance" is null
	at CitaMedicaTest.testToString(CitaMedicaTest.java:143)
	at java.base/java.lang.reflect.Method.invoke(Method.java:580)
	at java.base/java.util.ArrayList.forEach(ArrayList.java:1596)
	at java.base/java.util.ArrayList.forEach(ArrayList.java:1596)
]]></error>
    <system-out><![CDATA[toString
]]></system-out>
  </testcase>
  <testcase name="testSetEstado" classname="CitaMedicaTest" time="0.001">
    <error message="Cannot invoke &quot;CitaMedica.setEstado(String)&quot; because &quot;instance&quot; is null" type="java.lang.NullPointerException"><![CDATA[java.lang.NullPointerException: Cannot invoke "CitaMedica.setEstado(String)" because "instance" is null
	at CitaMedicaTest.testSetEstado(CitaMedicaTest.java:130)
	at java.base/java.lang.reflect.Method.invoke(Method.java:580)
	at java.base/java.util.ArrayList.forEach(ArrayList.java:1596)
	at java.base/java.util.ArrayList.forEach(ArrayList.java:1596)
]]></error>
    <system-out><![CDATA[setEstado
]]></system-out>
  </testcase>
  <testcase name="testGetEstado" classname="CitaMedicaTest" time="0.002">
    <error message="Cannot invoke &quot;CitaMedica.getEstado()&quot; because &quot;instance&quot; is null" type="java.lang.NullPointerException"><![CDATA[java.lang.NullPointerException: Cannot invoke "CitaMedica.getEstado()" because "instance" is null
	at CitaMedicaTest.testGetEstado(CitaMedicaTest.java:116)
	at java.base/java.lang.reflect.Method.invoke(Method.java:580)
	at java.base/java.util.ArrayList.forEach(ArrayList.java:1596)
	at java.base/java.util.ArrayList.forEach(ArrayList.java:1596)
]]></error>
    <system-out><![CDATA[getEstado
]]></system-out>
  </testcase>
  <testcase name="testGetMedico" classname="CitaMedicaTest" time="0.0">
    <error message="Cannot invoke &quot;CitaMedica.getMedico()&quot; because &quot;instance&quot; is null" type="java.lang.NullPointerException"><![CDATA[java.lang.NullPointerException: Cannot invoke "CitaMedica.getMedico()" because "instance" is null
	at CitaMedicaTest.testGetMedico(CitaMedicaTest.java:88)
	at java.base/java.lang.reflect.Method.invoke(Method.java:580)
	at java.base/java.util.ArrayList.forEach(ArrayList.java:1596)
	at java.base/java.util.ArrayList.forEach(ArrayList.java:1596)
]]></error>
    <system-out><![CDATA[getMedico
]]></system-out>
  </testcase>
  <testcase name="testToString_CM1" classname="CitaMedicaTest" time="0.0">
    <failure message="expected: &lt;Cita con Dra. Susana - Cardiología para Axel Roman (1234567890) en 2025-08-10T15:30 [Agendada]&gt; but was: &lt;Cita con Dra. Susana - Cardiologia para Axel Roman (1234567890) en 2025-08-10T15:30 [Agendada]&gt;" type="org.opentest4j.AssertionFailedError"><![CDATA[org.opentest4j.AssertionFailedError: expected: <Cita con Dra. Susana - Cardiología para Axel Roman (1234567890) en 2025-08-10T15:30 [Agendada]> but was: <Cita con Dra. Susana - Cardiologia para Axel Roman (1234567890) en 2025-08-10T15:30 [Agendada]>
	at org.junit.jupiter.api.AssertionFailureBuilder.build(AssertionFailureBuilder.java:151)
	at org.junit.jupiter.api.AssertionFailureBuilder.buildAndThrow(AssertionFailureBuilder.java:132)
	at org.junit.jupiter.api.AssertEquals.failNotEqual(AssertEquals.java:197)
	at org.junit.jupiter.api.AssertEquals.assertEquals(AssertEquals.java:182)
	at org.junit.jupiter.api.AssertEquals.assertEquals(AssertEquals.java:177)
	at org.junit.jupiter.api.Assertions.assertEquals(Assertions.java:1145)
	at CitaMedicaTest.testToString_CM1(CitaMedicaTest.java:49)
	at java.base/java.lang.reflect.Method.invoke(Method.java:580)
	at java.base/java.util.ArrayList.forEach(ArrayList.java:1596)
	at java.base/java.util.ArrayList.forEach(ArrayList.java:1596)
]]></failure>
  </testcase>
  <testcase name="testGetFechaHora" classname="CitaMedicaTest" time="0.0">
    <error message="Cannot invoke &quot;CitaMedica.getFechaHora()&quot; because &quot;instance&quot; is null" type="java.lang.NullPointerException"><![CDATA[java.lang.NullPointerException: Cannot invoke "CitaMedica.getFechaHora()" because "instance" is null
	at CitaMedicaTest.testGetFechaHora(CitaMedicaTest.java:102)
	at java.base/java.lang.reflect.Method.invoke(Method.java:580)
	at java.base/java.util.ArrayList.forEach(ArrayList.java:1596)
	at java.base/java.util.ArrayList.forEach(ArrayList.java:1596)
]]></error>
    <system-out><![CDATA[getFechaHora
]]></system-out>
  </testcase>
</testsuite>